Created by PLY version 3.11 (http://www.dabeaz.com/ply)

Unused terminals:

    ABS
    ACOS
    ACOSD
    ACOSH
    ADD
    ALL
    AND
    ANY
    AS
    ASC
    ASIN
    ASIND
    ASINH
    ATAN
    ATAN2
    ATANH
    AUTO_INCREMENT
    AVG
    BEGIN
    BETWEEN
    BIGINT
    BOOLEAN
    BY
    CADENA
    CASE
    CBRT
    CEIL
    CEILING
    CHAR
    CHARACTER
    CHECK
    COLOCHO
    COLUMN
    COLUMNS
    COMA
    CONCAT
    CONSTRAINT
    CONT
    CONVERT
    CORCHETEDER
    CORCHETEIZQ
    COS
    COSD
    COSH
    COT
    COTD
    DATE
    DAY
    DECIMALTOKEN
    DECLARE
    DECODE
    DEFAULT
    DEGREES
    DELETE
    DESC
    DESPLAZAMIENTODERECHA
    DESPLAZAMIENTOIZQUIERDA
    DIFERENTE
    DISTINCT
    DIV
    DOSPUNTOS
    DOUBLE
    ELSE
    ENCODE
    END
    ENUM
    ESCAPE
    ETIQUETA
    EXCEPT
    EXP
    FACTORIAL
    FALSE
    FIRST
    FLOOR
    FOREIGN
    FROM
    FULL
    FUNCTION
    GCD
    GET_BYTE
    GREATEST
    GROUP
    HAVING
    HOUR
    IGUALIGUAL
    ILIKE
    IN
    INGERITS
    INHERITS
    INNER
    INSERT
    INTEGER
    INTERSECT
    INTERVAL
    INTO
    IS
    ISNULL
    JOIN
    KEY
    LAST
    LCM
    LEAST
    LEFT
    LENGTH
    LIKE
    LIMIT
    LN
    LOG
    LOG10
    MAS
    MAX
    MAYOR
    MAYORIGUAL
    MD5
    MENOR
    MENORIGUAL
    MIN
    MINUTE
    MIN_SCALE
    MOD
    MONEY
    MONTH
    NATURAL
    NOT
    NOTEQUAL
    NOTNULL
    NULL
    NULLS
    NUMERAL
    NUMERIC
    OF
    OFFSET
    ON
    ONLY
    ORDER
    OUTER
    PARENTESISDERECHA
    PARENTESISIZQUIERDA
    PI
    POR
    POTENCIA
    POWER
    PRIMARY
    PUNTO
    RADIANS
    RANDOM
    REAL
    REFERENCES
    RESIDUO
    RETURNING
    RETURNS
    RIGHT
    ROUND
    SCALE
    SECOND
    SELECT
    SET
    SETSEED
    SET_BYTE
    SHA256
    SIMBOLOAND
    SIMBOLOOR
    SIMBOLOOR2
    SIN
    SIND
    SING
    SINH
    SMALLINT
    SOME
    SQRT
    SUBSTR
    SUBSTRING
    SUM
    SYMMETRIC
    TABLE
    TABLES
    TAN
    TAND
    TANH
    TEXT
    THEN
    TIME
    TIMESTAMP
    TRIM
    TRIM_SCALE
    TRUC
    TRUE
    TYPE
    TYPECAST
    UNION
    UNIQUE
    UNKNOWN
    UPDATE
    UPPER
    USING
    VALUES
    VARCHAR
    VARYING
    VIEW
    WHEN
    WHERE
    WIDTH_BUCKET
    YEAR

Grammar

Rule 0     S' -> inicio
Rule 1     inicio -> queries
Rule 2     queries -> queries query
Rule 3     queries -> query
Rule 4     query -> mostrarBD
Rule 5     query -> crearBD
Rule 6     query -> alterBD
Rule 7     query -> dropBD
Rule 8     crearBD -> CREATE DATABASE ID PUNTOYCOMA
Rule 9     crearBD -> CREATE OR REPLACE DATABASE ID PUNTOYCOMA
Rule 10    crearBD -> CREATE OR REPLACE DATABASE ID parametrosCrearBD PUNTOYCOMA
Rule 11    crearBD -> CREATE DATABASE ID parametrosCrearBD PUNTOYCOMA
Rule 12    parametrosCrearBD -> parametrosCrearBD parametroCrearBD
Rule 13    parametrosCrearBD -> parametroCrearBD
Rule 14    parametroCrearBD -> OWNER IGUAL final
Rule 15    parametroCrearBD -> MODE IGUAL final
Rule 16    mostrarBD -> SHOW DATABASES PUNTOYCOMA
Rule 17    alterBD -> ALTER DATABASE ID RENAME TO ID PUNTOYCOMA
Rule 18    alterBD -> ALTER DATABASE ID OWNER TO parametroAlterUser PUNTOYCOMA
Rule 19    parametroAlterUser -> CURRENT_USER
Rule 20    parametroAlterUser -> SESSION_USER
Rule 21    parametroAlterUser -> final
Rule 22    dropBD -> DROP DATABASE ID PUNTOYCOMA
Rule 23    dropBD -> DROP DATABASE IF EXISTS ID PUNTOYCOMA
Rule 24    operacion -> MENOS ENTERO
Rule 25    final -> DECIMAL
Rule 26    final -> ENTERO
Rule 27    final -> ID

Terminals, with rules where they appear

ABS                  : 
ACOS                 : 
ACOSD                : 
ACOSH                : 
ADD                  : 
ALL                  : 
ALTER                : 17 18
AND                  : 
ANY                  : 
AS                   : 
ASC                  : 
ASIN                 : 
ASIND                : 
ASINH                : 
ATAN                 : 
ATAN2                : 
ATANH                : 
AUTO_INCREMENT       : 
AVG                  : 
BEGIN                : 
BETWEEN              : 
BIGINT               : 
BOOLEAN              : 
BY                   : 
CADENA               : 
CASE                 : 
CBRT                 : 
CEIL                 : 
CEILING              : 
CHAR                 : 
CHARACTER            : 
CHECK                : 
COLOCHO              : 
COLUMN               : 
COLUMNS              : 
COMA                 : 
CONCAT               : 
CONSTRAINT           : 
CONT                 : 
CONVERT              : 
CORCHETEDER          : 
CORCHETEIZQ          : 
COS                  : 
COSD                 : 
COSH                 : 
COT                  : 
COTD                 : 
CREATE               : 8 9 10 11
CURRENT_USER         : 19
DATABASE             : 8 9 10 11 17 18 22 23
DATABASES            : 16
DATE                 : 
DAY                  : 
DECIMAL              : 25
DECIMALTOKEN         : 
DECLARE              : 
DECODE               : 
DEFAULT              : 
DEGREES              : 
DELETE               : 
DESC                 : 
DESPLAZAMIENTODERECHA : 
DESPLAZAMIENTOIZQUIERDA : 
DIFERENTE            : 
DISTINCT             : 
DIV                  : 
DOSPUNTOS            : 
DOUBLE               : 
DROP                 : 22 23
ELSE                 : 
ENCODE               : 
END                  : 
ENTERO               : 24 26
ENUM                 : 
ESCAPE               : 
ETIQUETA             : 
EXCEPT               : 
EXISTS               : 23
EXP                  : 
FACTORIAL            : 
FALSE                : 
FIRST                : 
FLOOR                : 
FOREIGN              : 
FROM                 : 
FULL                 : 
FUNCTION             : 
GCD                  : 
GET_BYTE             : 
GREATEST             : 
GROUP                : 
HAVING               : 
HOUR                 : 
ID                   : 8 9 10 11 17 17 18 22 23 27
IF                   : 23
IGUAL                : 14 15
IGUALIGUAL           : 
ILIKE                : 
IN                   : 
INGERITS             : 
INHERITS             : 
INNER                : 
INSERT               : 
INTEGER              : 
INTERSECT            : 
INTERVAL             : 
INTO                 : 
IS                   : 
ISNULL               : 
JOIN                 : 
KEY                  : 
LAST                 : 
LCM                  : 
LEAST                : 
LEFT                 : 
LENGTH               : 
LIKE                 : 
LIMIT                : 
LN                   : 
LOG                  : 
LOG10                : 
MAS                  : 
MAX                  : 
MAYOR                : 
MAYORIGUAL           : 
MD5                  : 
MENOR                : 
MENORIGUAL           : 
MENOS                : 24
MIN                  : 
MINUTE               : 
MIN_SCALE            : 
MOD                  : 
MODE                 : 15
MONEY                : 
MONTH                : 
NATURAL              : 
NOT                  : 
NOTEQUAL             : 
NOTNULL              : 
NULL                 : 
NULLS                : 
NUMERAL              : 
NUMERIC              : 
OF                   : 
OFFSET               : 
ON                   : 
ONLY                 : 
OR                   : 9 10
ORDER                : 
OUTER                : 
OWNER                : 14 18
PARENTESISDERECHA    : 
PARENTESISIZQUIERDA  : 
PI                   : 
POR                  : 
POTENCIA             : 
POWER                : 
PRIMARY              : 
PUNTO                : 
PUNTOYCOMA           : 8 9 10 11 16 17 18 22 23
RADIANS              : 
RANDOM               : 
REAL                 : 
REFERENCES           : 
RENAME               : 17
REPLACE              : 9 10
RESIDUO              : 
RETURNING            : 
RETURNS              : 
RIGHT                : 
ROUND                : 
SCALE                : 
SECOND               : 
SELECT               : 
SESSION_USER         : 20
SET                  : 
SETSEED              : 
SET_BYTE             : 
SHA256               : 
SHOW                 : 16
SIMBOLOAND           : 
SIMBOLOOR            : 
SIMBOLOOR2           : 
SIN                  : 
SIND                 : 
SING                 : 
SINH                 : 
SMALLINT             : 
SOME                 : 
SQRT                 : 
SUBSTR               : 
SUBSTRING            : 
SUM                  : 
SYMMETRIC            : 
TABLE                : 
TABLES               : 
TAN                  : 
TAND                 : 
TANH                 : 
TEXT                 : 
THEN                 : 
TIME                 : 
TIMESTAMP            : 
TO                   : 17 18
TRIM                 : 
TRIM_SCALE           : 
TRUC                 : 
TRUE                 : 
TYPE                 : 
TYPECAST             : 
UNION                : 
UNIQUE               : 
UNKNOWN              : 
UPDATE               : 
UPPER                : 
USING                : 
VALUES               : 
VARCHAR              : 
VARYING              : 
VIEW                 : 
WHEN                 : 
WHERE                : 
WIDTH_BUCKET         : 
YEAR                 : 
error                : 

Nonterminals, with rules where they appear

alterBD              : 6
crearBD              : 5
dropBD               : 7
final                : 14 15 21
inicio               : 0
mostrarBD            : 4
operacion            : 
parametroAlterUser   : 18
parametroCrearBD     : 12 13
parametrosCrearBD    : 10 11 12
queries              : 1 2
query                : 2 3

Parsing method: LALR

state 0

    (0) S' -> . inicio
    (1) inicio -> . queries
    (2) queries -> . queries query
    (3) queries -> . query
    (4) query -> . mostrarBD
    (5) query -> . crearBD
    (6) query -> . alterBD
    (7) query -> . dropBD
    (16) mostrarBD -> . SHOW DATABASES PUNTOYCOMA
    (8) crearBD -> . CREATE DATABASE ID PUNTOYCOMA
    (9) crearBD -> . CREATE OR REPLACE DATABASE ID PUNTOYCOMA
    (10) crearBD -> . CREATE OR REPLACE DATABASE ID parametrosCrearBD PUNTOYCOMA
    (11) crearBD -> . CREATE DATABASE ID parametrosCrearBD PUNTOYCOMA
    (17) alterBD -> . ALTER DATABASE ID RENAME TO ID PUNTOYCOMA
    (18) alterBD -> . ALTER DATABASE ID OWNER TO parametroAlterUser PUNTOYCOMA
    (22) dropBD -> . DROP DATABASE ID PUNTOYCOMA
    (23) dropBD -> . DROP DATABASE IF EXISTS ID PUNTOYCOMA

    SHOW            shift and go to state 8
    CREATE          shift and go to state 9
    ALTER           shift and go to state 10
    DROP            shift and go to state 11

    inicio                         shift and go to state 1
    queries                        shift and go to state 2
    query                          shift and go to state 3
    mostrarBD                      shift and go to state 4
    crearBD                        shift and go to state 5
    alterBD                        shift and go to state 6
    dropBD                         shift and go to state 7

state 1

    (0) S' -> inicio .



state 2

    (1) inicio -> queries .
    (2) queries -> queries . query
    (4) query -> . mostrarBD
    (5) query -> . crearBD
    (6) query -> . alterBD
    (7) query -> . dropBD
    (16) mostrarBD -> . SHOW DATABASES PUNTOYCOMA
    (8) crearBD -> . CREATE DATABASE ID PUNTOYCOMA
    (9) crearBD -> . CREATE OR REPLACE DATABASE ID PUNTOYCOMA
    (10) crearBD -> . CREATE OR REPLACE DATABASE ID parametrosCrearBD PUNTOYCOMA
    (11) crearBD -> . CREATE DATABASE ID parametrosCrearBD PUNTOYCOMA
    (17) alterBD -> . ALTER DATABASE ID RENAME TO ID PUNTOYCOMA
    (18) alterBD -> . ALTER DATABASE ID OWNER TO parametroAlterUser PUNTOYCOMA
    (22) dropBD -> . DROP DATABASE ID PUNTOYCOMA
    (23) dropBD -> . DROP DATABASE IF EXISTS ID PUNTOYCOMA

    $end            reduce using rule 1 (inicio -> queries .)
    SHOW            shift and go to state 8
    CREATE          shift and go to state 9
    ALTER           shift and go to state 10
    DROP            shift and go to state 11

    query                          shift and go to state 12
    mostrarBD                      shift and go to state 4
    crearBD                        shift and go to state 5
    alterBD                        shift and go to state 6
    dropBD                         shift and go to state 7

state 3

    (3) queries -> query .

    SHOW            reduce using rule 3 (queries -> query .)
    CREATE          reduce using rule 3 (queries -> query .)
    ALTER           reduce using rule 3 (queries -> query .)
    DROP            reduce using rule 3 (queries -> query .)
    $end            reduce using rule 3 (queries -> query .)


state 4

    (4) query -> mostrarBD .

    SHOW            reduce using rule 4 (query -> mostrarBD .)
    CREATE          reduce using rule 4 (query -> mostrarBD .)
    ALTER           reduce using rule 4 (query -> mostrarBD .)
    DROP            reduce using rule 4 (query -> mostrarBD .)
    $end            reduce using rule 4 (query -> mostrarBD .)


state 5

    (5) query -> crearBD .

    SHOW            reduce using rule 5 (query -> crearBD .)
    CREATE          reduce using rule 5 (query -> crearBD .)
    ALTER           reduce using rule 5 (query -> crearBD .)
    DROP            reduce using rule 5 (query -> crearBD .)
    $end            reduce using rule 5 (query -> crearBD .)


state 6

    (6) query -> alterBD .

    SHOW            reduce using rule 6 (query -> alterBD .)
    CREATE          reduce using rule 6 (query -> alterBD .)
    ALTER           reduce using rule 6 (query -> alterBD .)
    DROP            reduce using rule 6 (query -> alterBD .)
    $end            reduce using rule 6 (query -> alterBD .)


state 7

    (7) query -> dropBD .

    SHOW            reduce using rule 7 (query -> dropBD .)
    CREATE          reduce using rule 7 (query -> dropBD .)
    ALTER           reduce using rule 7 (query -> dropBD .)
    DROP            reduce using rule 7 (query -> dropBD .)
    $end            reduce using rule 7 (query -> dropBD .)


state 8

    (16) mostrarBD -> SHOW . DATABASES PUNTOYCOMA

    DATABASES       shift and go to state 13


state 9

    (8) crearBD -> CREATE . DATABASE ID PUNTOYCOMA
    (9) crearBD -> CREATE . OR REPLACE DATABASE ID PUNTOYCOMA
    (10) crearBD -> CREATE . OR REPLACE DATABASE ID parametrosCrearBD PUNTOYCOMA
    (11) crearBD -> CREATE . DATABASE ID parametrosCrearBD PUNTOYCOMA

    DATABASE        shift and go to state 14
    OR              shift and go to state 15


state 10

    (17) alterBD -> ALTER . DATABASE ID RENAME TO ID PUNTOYCOMA
    (18) alterBD -> ALTER . DATABASE ID OWNER TO parametroAlterUser PUNTOYCOMA

    DATABASE        shift and go to state 16


state 11

    (22) dropBD -> DROP . DATABASE ID PUNTOYCOMA
    (23) dropBD -> DROP . DATABASE IF EXISTS ID PUNTOYCOMA

    DATABASE        shift and go to state 17


state 12

    (2) queries -> queries query .

    SHOW            reduce using rule 2 (queries -> queries query .)
    CREATE          reduce using rule 2 (queries -> queries query .)
    ALTER           reduce using rule 2 (queries -> queries query .)
    DROP            reduce using rule 2 (queries -> queries query .)
    $end            reduce using rule 2 (queries -> queries query .)


state 13

    (16) mostrarBD -> SHOW DATABASES . PUNTOYCOMA

    PUNTOYCOMA      shift and go to state 18


state 14

    (8) crearBD -> CREATE DATABASE . ID PUNTOYCOMA
    (11) crearBD -> CREATE DATABASE . ID parametrosCrearBD PUNTOYCOMA

    ID              shift and go to state 19


state 15

    (9) crearBD -> CREATE OR . REPLACE DATABASE ID PUNTOYCOMA
    (10) crearBD -> CREATE OR . REPLACE DATABASE ID parametrosCrearBD PUNTOYCOMA

    REPLACE         shift and go to state 20


state 16

    (17) alterBD -> ALTER DATABASE . ID RENAME TO ID PUNTOYCOMA
    (18) alterBD -> ALTER DATABASE . ID OWNER TO parametroAlterUser PUNTOYCOMA

    ID              shift and go to state 21


state 17

    (22) dropBD -> DROP DATABASE . ID PUNTOYCOMA
    (23) dropBD -> DROP DATABASE . IF EXISTS ID PUNTOYCOMA

    ID              shift and go to state 22
    IF              shift and go to state 23


state 18

    (16) mostrarBD -> SHOW DATABASES PUNTOYCOMA .

    SHOW            reduce using rule 16 (mostrarBD -> SHOW DATABASES PUNTOYCOMA .)
    CREATE          reduce using rule 16 (mostrarBD -> SHOW DATABASES PUNTOYCOMA .)
    ALTER           reduce using rule 16 (mostrarBD -> SHOW DATABASES PUNTOYCOMA .)
    DROP            reduce using rule 16 (mostrarBD -> SHOW DATABASES PUNTOYCOMA .)
    $end            reduce using rule 16 (mostrarBD -> SHOW DATABASES PUNTOYCOMA .)


state 19

    (8) crearBD -> CREATE DATABASE ID . PUNTOYCOMA
    (11) crearBD -> CREATE DATABASE ID . parametrosCrearBD PUNTOYCOMA
    (12) parametrosCrearBD -> . parametrosCrearBD parametroCrearBD
    (13) parametrosCrearBD -> . parametroCrearBD
    (14) parametroCrearBD -> . OWNER IGUAL final
    (15) parametroCrearBD -> . MODE IGUAL final

    PUNTOYCOMA      shift and go to state 24
    OWNER           shift and go to state 27
    MODE            shift and go to state 28

    parametrosCrearBD              shift and go to state 25
    parametroCrearBD               shift and go to state 26

state 20

    (9) crearBD -> CREATE OR REPLACE . DATABASE ID PUNTOYCOMA
    (10) crearBD -> CREATE OR REPLACE . DATABASE ID parametrosCrearBD PUNTOYCOMA

    DATABASE        shift and go to state 29


state 21

    (17) alterBD -> ALTER DATABASE ID . RENAME TO ID PUNTOYCOMA
    (18) alterBD -> ALTER DATABASE ID . OWNER TO parametroAlterUser PUNTOYCOMA

    RENAME          shift and go to state 30
    OWNER           shift and go to state 31


state 22

    (22) dropBD -> DROP DATABASE ID . PUNTOYCOMA

    PUNTOYCOMA      shift and go to state 32


state 23

    (23) dropBD -> DROP DATABASE IF . EXISTS ID PUNTOYCOMA

    EXISTS          shift and go to state 33


state 24

    (8) crearBD -> CREATE DATABASE ID PUNTOYCOMA .

    SHOW            reduce using rule 8 (crearBD -> CREATE DATABASE ID PUNTOYCOMA .)
    CREATE          reduce using rule 8 (crearBD -> CREATE DATABASE ID PUNTOYCOMA .)
    ALTER           reduce using rule 8 (crearBD -> CREATE DATABASE ID PUNTOYCOMA .)
    DROP            reduce using rule 8 (crearBD -> CREATE DATABASE ID PUNTOYCOMA .)
    $end            reduce using rule 8 (crearBD -> CREATE DATABASE ID PUNTOYCOMA .)


state 25

    (11) crearBD -> CREATE DATABASE ID parametrosCrearBD . PUNTOYCOMA
    (12) parametrosCrearBD -> parametrosCrearBD . parametroCrearBD
    (14) parametroCrearBD -> . OWNER IGUAL final
    (15) parametroCrearBD -> . MODE IGUAL final

    PUNTOYCOMA      shift and go to state 34
    OWNER           shift and go to state 27
    MODE            shift and go to state 28

    parametroCrearBD               shift and go to state 35

state 26

    (13) parametrosCrearBD -> parametroCrearBD .

    PUNTOYCOMA      reduce using rule 13 (parametrosCrearBD -> parametroCrearBD .)
    OWNER           reduce using rule 13 (parametrosCrearBD -> parametroCrearBD .)
    MODE            reduce using rule 13 (parametrosCrearBD -> parametroCrearBD .)


state 27

    (14) parametroCrearBD -> OWNER . IGUAL final

    IGUAL           shift and go to state 36


state 28

    (15) parametroCrearBD -> MODE . IGUAL final

    IGUAL           shift and go to state 37


state 29

    (9) crearBD -> CREATE OR REPLACE DATABASE . ID PUNTOYCOMA
    (10) crearBD -> CREATE OR REPLACE DATABASE . ID parametrosCrearBD PUNTOYCOMA

    ID              shift and go to state 38


state 30

    (17) alterBD -> ALTER DATABASE ID RENAME . TO ID PUNTOYCOMA

    TO              shift and go to state 39


state 31

    (18) alterBD -> ALTER DATABASE ID OWNER . TO parametroAlterUser PUNTOYCOMA

    TO              shift and go to state 40


state 32

    (22) dropBD -> DROP DATABASE ID PUNTOYCOMA .

    SHOW            reduce using rule 22 (dropBD -> DROP DATABASE ID PUNTOYCOMA .)
    CREATE          reduce using rule 22 (dropBD -> DROP DATABASE ID PUNTOYCOMA .)
    ALTER           reduce using rule 22 (dropBD -> DROP DATABASE ID PUNTOYCOMA .)
    DROP            reduce using rule 22 (dropBD -> DROP DATABASE ID PUNTOYCOMA .)
    $end            reduce using rule 22 (dropBD -> DROP DATABASE ID PUNTOYCOMA .)


state 33

    (23) dropBD -> DROP DATABASE IF EXISTS . ID PUNTOYCOMA

    ID              shift and go to state 41


state 34

    (11) crearBD -> CREATE DATABASE ID parametrosCrearBD PUNTOYCOMA .

    SHOW            reduce using rule 11 (crearBD -> CREATE DATABASE ID parametrosCrearBD PUNTOYCOMA .)
    CREATE          reduce using rule 11 (crearBD -> CREATE DATABASE ID parametrosCrearBD PUNTOYCOMA .)
    ALTER           reduce using rule 11 (crearBD -> CREATE DATABASE ID parametrosCrearBD PUNTOYCOMA .)
    DROP            reduce using rule 11 (crearBD -> CREATE DATABASE ID parametrosCrearBD PUNTOYCOMA .)
    $end            reduce using rule 11 (crearBD -> CREATE DATABASE ID parametrosCrearBD PUNTOYCOMA .)


state 35

    (12) parametrosCrearBD -> parametrosCrearBD parametroCrearBD .

    PUNTOYCOMA      reduce using rule 12 (parametrosCrearBD -> parametrosCrearBD parametroCrearBD .)
    OWNER           reduce using rule 12 (parametrosCrearBD -> parametrosCrearBD parametroCrearBD .)
    MODE            reduce using rule 12 (parametrosCrearBD -> parametrosCrearBD parametroCrearBD .)


state 36

    (14) parametroCrearBD -> OWNER IGUAL . final
    (25) final -> . DECIMAL
    (26) final -> . ENTERO
    (27) final -> . ID

    DECIMAL         shift and go to state 43
    ENTERO          shift and go to state 44
    ID              shift and go to state 45

    final                          shift and go to state 42

state 37

    (15) parametroCrearBD -> MODE IGUAL . final
    (25) final -> . DECIMAL
    (26) final -> . ENTERO
    (27) final -> . ID

    DECIMAL         shift and go to state 43
    ENTERO          shift and go to state 44
    ID              shift and go to state 45

    final                          shift and go to state 46

state 38

    (9) crearBD -> CREATE OR REPLACE DATABASE ID . PUNTOYCOMA
    (10) crearBD -> CREATE OR REPLACE DATABASE ID . parametrosCrearBD PUNTOYCOMA
    (12) parametrosCrearBD -> . parametrosCrearBD parametroCrearBD
    (13) parametrosCrearBD -> . parametroCrearBD
    (14) parametroCrearBD -> . OWNER IGUAL final
    (15) parametroCrearBD -> . MODE IGUAL final

    PUNTOYCOMA      shift and go to state 47
    OWNER           shift and go to state 27
    MODE            shift and go to state 28

    parametrosCrearBD              shift and go to state 48
    parametroCrearBD               shift and go to state 26

state 39

    (17) alterBD -> ALTER DATABASE ID RENAME TO . ID PUNTOYCOMA

    ID              shift and go to state 49


state 40

    (18) alterBD -> ALTER DATABASE ID OWNER TO . parametroAlterUser PUNTOYCOMA
    (19) parametroAlterUser -> . CURRENT_USER
    (20) parametroAlterUser -> . SESSION_USER
    (21) parametroAlterUser -> . final
    (25) final -> . DECIMAL
    (26) final -> . ENTERO
    (27) final -> . ID

    CURRENT_USER    shift and go to state 51
    SESSION_USER    shift and go to state 52
    DECIMAL         shift and go to state 43
    ENTERO          shift and go to state 44
    ID              shift and go to state 45

    parametroAlterUser             shift and go to state 50
    final                          shift and go to state 53

state 41

    (23) dropBD -> DROP DATABASE IF EXISTS ID . PUNTOYCOMA

    PUNTOYCOMA      shift and go to state 54


state 42

    (14) parametroCrearBD -> OWNER IGUAL final .

    PUNTOYCOMA      reduce using rule 14 (parametroCrearBD -> OWNER IGUAL final .)
    OWNER           reduce using rule 14 (parametroCrearBD -> OWNER IGUAL final .)
    MODE            reduce using rule 14 (parametroCrearBD -> OWNER IGUAL final .)


state 43

    (25) final -> DECIMAL .

    PUNTOYCOMA      reduce using rule 25 (final -> DECIMAL .)
    OWNER           reduce using rule 25 (final -> DECIMAL .)
    MODE            reduce using rule 25 (final -> DECIMAL .)


state 44

    (26) final -> ENTERO .

    PUNTOYCOMA      reduce using rule 26 (final -> ENTERO .)
    OWNER           reduce using rule 26 (final -> ENTERO .)
    MODE            reduce using rule 26 (final -> ENTERO .)


state 45

    (27) final -> ID .

    PUNTOYCOMA      reduce using rule 27 (final -> ID .)
    OWNER           reduce using rule 27 (final -> ID .)
    MODE            reduce using rule 27 (final -> ID .)


state 46

    (15) parametroCrearBD -> MODE IGUAL final .

    PUNTOYCOMA      reduce using rule 15 (parametroCrearBD -> MODE IGUAL final .)
    OWNER           reduce using rule 15 (parametroCrearBD -> MODE IGUAL final .)
    MODE            reduce using rule 15 (parametroCrearBD -> MODE IGUAL final .)


state 47

    (9) crearBD -> CREATE OR REPLACE DATABASE ID PUNTOYCOMA .

    SHOW            reduce using rule 9 (crearBD -> CREATE OR REPLACE DATABASE ID PUNTOYCOMA .)
    CREATE          reduce using rule 9 (crearBD -> CREATE OR REPLACE DATABASE ID PUNTOYCOMA .)
    ALTER           reduce using rule 9 (crearBD -> CREATE OR REPLACE DATABASE ID PUNTOYCOMA .)
    DROP            reduce using rule 9 (crearBD -> CREATE OR REPLACE DATABASE ID PUNTOYCOMA .)
    $end            reduce using rule 9 (crearBD -> CREATE OR REPLACE DATABASE ID PUNTOYCOMA .)


state 48

    (10) crearBD -> CREATE OR REPLACE DATABASE ID parametrosCrearBD . PUNTOYCOMA
    (12) parametrosCrearBD -> parametrosCrearBD . parametroCrearBD
    (14) parametroCrearBD -> . OWNER IGUAL final
    (15) parametroCrearBD -> . MODE IGUAL final

    PUNTOYCOMA      shift and go to state 55
    OWNER           shift and go to state 27
    MODE            shift and go to state 28

    parametroCrearBD               shift and go to state 35

state 49

    (17) alterBD -> ALTER DATABASE ID RENAME TO ID . PUNTOYCOMA

    PUNTOYCOMA      shift and go to state 56


state 50

    (18) alterBD -> ALTER DATABASE ID OWNER TO parametroAlterUser . PUNTOYCOMA

    PUNTOYCOMA      shift and go to state 57


state 51

    (19) parametroAlterUser -> CURRENT_USER .

    PUNTOYCOMA      reduce using rule 19 (parametroAlterUser -> CURRENT_USER .)


state 52

    (20) parametroAlterUser -> SESSION_USER .

    PUNTOYCOMA      reduce using rule 20 (parametroAlterUser -> SESSION_USER .)


state 53

    (21) parametroAlterUser -> final .

    PUNTOYCOMA      reduce using rule 21 (parametroAlterUser -> final .)


state 54

    (23) dropBD -> DROP DATABASE IF EXISTS ID PUNTOYCOMA .

    SHOW            reduce using rule 23 (dropBD -> DROP DATABASE IF EXISTS ID PUNTOYCOMA .)
    CREATE          reduce using rule 23 (dropBD -> DROP DATABASE IF EXISTS ID PUNTOYCOMA .)
    ALTER           reduce using rule 23 (dropBD -> DROP DATABASE IF EXISTS ID PUNTOYCOMA .)
    DROP            reduce using rule 23 (dropBD -> DROP DATABASE IF EXISTS ID PUNTOYCOMA .)
    $end            reduce using rule 23 (dropBD -> DROP DATABASE IF EXISTS ID PUNTOYCOMA .)


state 55

    (10) crearBD -> CREATE OR REPLACE DATABASE ID parametrosCrearBD PUNTOYCOMA .

    SHOW            reduce using rule 10 (crearBD -> CREATE OR REPLACE DATABASE ID parametrosCrearBD PUNTOYCOMA .)
    CREATE          reduce using rule 10 (crearBD -> CREATE OR REPLACE DATABASE ID parametrosCrearBD PUNTOYCOMA .)
    ALTER           reduce using rule 10 (crearBD -> CREATE OR REPLACE DATABASE ID parametrosCrearBD PUNTOYCOMA .)
    DROP            reduce using rule 10 (crearBD -> CREATE OR REPLACE DATABASE ID parametrosCrearBD PUNTOYCOMA .)
    $end            reduce using rule 10 (crearBD -> CREATE OR REPLACE DATABASE ID parametrosCrearBD PUNTOYCOMA .)


state 56

    (17) alterBD -> ALTER DATABASE ID RENAME TO ID PUNTOYCOMA .

    SHOW            reduce using rule 17 (alterBD -> ALTER DATABASE ID RENAME TO ID PUNTOYCOMA .)
    CREATE          reduce using rule 17 (alterBD -> ALTER DATABASE ID RENAME TO ID PUNTOYCOMA .)
    ALTER           reduce using rule 17 (alterBD -> ALTER DATABASE ID RENAME TO ID PUNTOYCOMA .)
    DROP            reduce using rule 17 (alterBD -> ALTER DATABASE ID RENAME TO ID PUNTOYCOMA .)
    $end            reduce using rule 17 (alterBD -> ALTER DATABASE ID RENAME TO ID PUNTOYCOMA .)


state 57

    (18) alterBD -> ALTER DATABASE ID OWNER TO parametroAlterUser PUNTOYCOMA .

    SHOW            reduce using rule 18 (alterBD -> ALTER DATABASE ID OWNER TO parametroAlterUser PUNTOYCOMA .)
    CREATE          reduce using rule 18 (alterBD -> ALTER DATABASE ID OWNER TO parametroAlterUser PUNTOYCOMA .)
    ALTER           reduce using rule 18 (alterBD -> ALTER DATABASE ID OWNER TO parametroAlterUser PUNTOYCOMA .)
    DROP            reduce using rule 18 (alterBD -> ALTER DATABASE ID OWNER TO parametroAlterUser PUNTOYCOMA .)
    $end            reduce using rule 18 (alterBD -> ALTER DATABASE ID OWNER TO parametroAlterUser PUNTOYCOMA .)

